<?xml version="1.0" encoding="UTF-8"?>
<testng-results ignored="0" total="1" passed="1" failed="0" skipped="0">
  <reporter-output>
  </reporter-output>
  <suite started-at="2023-06-08T22:41:39 IST" name="Suite" finished-at="2023-06-08T22:42:18 IST" duration-ms="38860">
    <groups>
    </groups>
    <test started-at="2023-06-08T22:41:39 IST" name="Test" finished-at="2023-06-08T22:42:18 IST" duration-ms="38860">
      <class name="tests.LoginTest">
        <test-method is-config="true" signature="launchApp()[pri:0, instance:tests.LoginTest@6f03482]" started-at="2023-06-08T22:41:39 IST" name="launchApp" finished-at="2023-06-08T22:41:52 IST" duration-ms="13128" status="PASS">
          <reporter-output>
          </reporter-output>
        </test-method> <!-- launchApp -->
        <test-method signature="verifyLoginWithValidUserDetails()[pri:0, instance:tests.LoginTest@6f03482]" started-at="2023-06-08T22:41:52 IST" name="verifyLoginWithValidUserDetails" finished-at="2023-06-08T22:42:18 IST" duration-ms="25309" status="PASS">
          <reporter-output>
          </reporter-output>
        </test-method> <!-- verifyLoginWithValidUserDetails -->
        <test-method is-config="true" signature="closeApp()[pri:0, instance:tests.LoginTest@6f03482]" started-at="2023-06-08T22:42:18 IST" name="closeApp" finished-at="2023-06-08T22:42:18 IST" duration-ms="354" status="PASS">
          <reporter-output>
          </reporter-output>
        </test-method> <!-- closeApp -->
      </class> <!-- tests.LoginTest -->
    </test> <!-- Test -->
  </suite> <!-- Suite -->
</testng-results>
